#
# There is insufficient memory for the Java Runtime Environment to continue.
# Native memory allocation (malloc) failed to allocate 2097152 bytes. Error detail: AllocateHeap
# Possible reasons:
#   The system is out of physical RAM or swap space
#   This process is running with CompressedOops enabled, and the Java Heap may be blocking the growth of the native heap
# Possible solutions:
#   Reduce memory load on the system
#   Increase physical memory or swap space
#   Check if swap backing store is full
#   Decrease Java heap size (-Xmx/-Xms)
#   Decrease number of Java threads
#   Decrease Java thread stack sizes (-Xss)
#   Set larger code cache with -XX:ReservedCodeCacheSize=
#   JVM is running with Unscaled Compressed Oops mode in which the Java heap is
#     placed in the first 4GB address space. The Java Heap base address is the
#     maximum limit for the native heap growth. Please use -XX:HeapBaseMinAddress
#     to set the Java Heap base and to place the Java Heap above 4GB virtual address.
# This output file may be truncated or incomplete.
#
#  Out of Memory Error (allocation.cpp:44), pid=24140, tid=16164
#
# JRE version: OpenJDK Runtime Environment Temurin-17.0.11+9 (17.0.11+9) (build 17.0.11+9)
# Java VM: OpenJDK 64-Bit Server VM Temurin-17.0.11+9 (17.0.11+9, mixed mode, emulated-client, tiered, compressed oops, compressed class ptrs, g1 gc, windows-amd64)
# No core dump will be written. Minidumps are not enabled by default on client versions of Windows
#

---------------  S U M M A R Y ------------

Command Line: -Xmx1024m -Dsts.lsp.client=vscode -Dsts.log.file=/dev/null -XX:TieredStopAtLevel=1 -Xlog:jni+resolve=off c:\Users\joaov\.vscode\extensions\vmware.vscode-spring-boot-1.57.2024082400\language-server\spring-boot-language-server-1.57.0-SNAPSHOT-exec.jar

Host: 11th Gen Intel(R) Core(TM) i3-1115G4 @ 3.00GHz, 4 cores, 11G,  Windows 11 , 64 bit Build 22621 (10.0.22621.3958)
Time: Mon Aug 26 14:44:57 2024 Hora oficial do Brasil elapsed time: 3671.898999 seconds (0d 1h 1m 11s)

---------------  T H R E A D  ---------------

Current thread (0x000001447cf9a300):  VMThread "VM Thread" [stack: 0x0000002810500000,0x0000002810600000] [id=16164]

Stack: [0x0000002810500000,0x0000002810600000]
Native frames: (J=compiled Java code, j=interpreted, Vv=VM code, C=native code)
V  [jvm.dll+0x67d429]
V  [jvm.dll+0x834b7a]
V  [jvm.dll+0x83663e]
V  [jvm.dll+0x836ca3]
V  [jvm.dll+0x247dbf]
V  [jvm.dll+0xa6cb3]
V  [jvm.dll+0x2f8b61]
V  [jvm.dll+0x2f4750]
V  [jvm.dll+0x2dcf67]
V  [jvm.dll+0x31fb67]
V  [jvm.dll+0x83b19b]
V  [jvm.dll+0x83bed2]
V  [jvm.dll+0x83c3ed]
V  [jvm.dll+0x83c7c4]
V  [jvm.dll+0x83c890]
V  [jvm.dll+0x7e410a]
V  [jvm.dll+0x67c315]
C  [ucrtbase.dll+0x29333]
C  [KERNEL32.DLL+0x1257d]
C  [ntdll.dll+0x5af28]

VM_Operation (0x0000002811afeb70): G1CollectFull, mode: safepoint, requested by thread 0x000001447e939b30


---------------  P R O C E S S  ---------------

Threads class SMR info:
_java_thread_list=0x000001447eb3f240, length=22, elements={
0x000001447cfb0380, 0x000001447cfb0e50, 0x000001447cfc7320, 0x000001447cfc9d00,
0x000001447cfca5d0, 0x000001447cfcceb0, 0x000001447cfcd830, 0x000001447d1455d0,
0x000001447d26a610, 0x000001447d26af40, 0x000001447ec81680, 0x000001447e939b30,
0x000001447ed70fa0, 0x000001447ed714b0, 0x000001447ed70070, 0x000001447ed723e0,
0x000001447ed73310, 0x000001447ed73820, 0x000001447ed70580, 0x000001447ed728f0,
0x000001447ed72e00, 0x000001447ed719c0
}

Java Threads: ( => current thread )
  0x000001447cfb0380 JavaThread "Reference Handler" daemon [_thread_blocked, id=3548, stack(0x0000002810600000,0x0000002810700000)]
  0x000001447cfb0e50 JavaThread "Finalizer" daemon [_thread_blocked, id=26780, stack(0x0000002810700000,0x0000002810800000)]
  0x000001447cfc7320 JavaThread "Signal Dispatcher" daemon [_thread_blocked, id=11940, stack(0x0000002810800000,0x0000002810900000)]
  0x000001447cfc9d00 JavaThread "Attach Listener" daemon [_thread_blocked, id=25136, stack(0x0000002810900000,0x0000002810a00000)]
  0x000001447cfca5d0 JavaThread "Service Thread" daemon [_thread_blocked, id=7416, stack(0x0000002810a00000,0x0000002810b00000)]
  0x000001447cfcceb0 JavaThread "Monitor Deflation Thread" daemon [_thread_blocked, id=21888, stack(0x0000002810b00000,0x0000002810c00000)]
  0x000001447cfcd830 JavaThread "C1 CompilerThread0" daemon [_thread_blocked, id=21196, stack(0x0000002810c00000,0x0000002810d00000)]
  0x000001447d1455d0 JavaThread "Sweeper thread" daemon [_thread_blocked, id=12916, stack(0x0000002810d00000,0x0000002810e00000)]
  0x000001447d26a610 JavaThread "Notification Thread" daemon [_thread_blocked, id=18424, stack(0x0000002810f00000,0x0000002811000000)]
  0x000001447d26af40 JavaThread "Common-Cleaner" daemon [_thread_blocked, id=8088, stack(0x0000002811100000,0x0000002811200000)]
  0x000001447ec81680 JavaThread "boundedElastic-evictor-1" daemon [_thread_blocked, id=2572, stack(0x0000002811900000,0x0000002811a00000)]
  0x000001447e939b30 JavaThread "pool-13-thread-1" [_thread_blocked, id=17740, stack(0x0000002811a00000,0x0000002811b00000)]
  0x000001447ed70fa0 JavaThread "LanguageServerApp-lifecycle" [_thread_blocked, id=21000, stack(0x0000002811b00000,0x0000002811c00000)]
  0x000001447ed714b0 JavaThread "DestroyJavaVM" [_thread_blocked, id=7024, stack(0x000000280ff00000,0x0000002810000000)]
  0x000001447ed70070 JavaThread "pool-14-thread-1" [_thread_in_native, id=10892, stack(0x0000002811c00000,0x0000002811d00000)]
  0x000001447ed723e0 JavaThread "Simple-Language-Server main thread" daemon [_thread_blocked, id=10328, stack(0x0000002811d00000,0x0000002811e00000)]
  0x000001447ed73310 JavaThread "pool-8-thread-1" [_thread_blocked, id=15364, stack(0x0000002811e00000,0x0000002811f00000)]
  0x000001447ed73820 JavaThread "parallel-1" daemon [_thread_blocked, id=3408, stack(0x0000002811f00000,0x0000002812000000)]
  0x000001447ed70580 JavaThread "pool-6-thread-1" [_thread_blocked, id=22000, stack(0x0000002812000000,0x0000002812100000)]
  0x000001447ed728f0 JavaThread "parallel-2" daemon [_thread_blocked, id=19728, stack(0x0000002812100000,0x0000002812200000)]
  0x000001447ed72e00 JavaThread "Reconciler-1" daemon [_thread_blocked, id=13900, stack(0x0000002812200000,0x0000002812300000)]
  0x000001447ed719c0 JavaThread "parallel-3" daemon [_thread_blocked, id=4928, stack(0x000000280fd00000,0x000000280fe00000)]

Other Threads:
=>0x000001447cf9a300 VMThread "VM Thread" [stack: 0x0000002810500000,0x0000002810600000] [id=16164]
  0x000001447d26aaf0 WatcherThread [stack: 0x0000002811000000,0x0000002811100000] [id=8220]
  0x0000014472a4ae40 GCTaskThread "GC Thread#0" [stack: 0x0000002810000000,0x0000002810100000] [id=16768]
  0x000001447d9378f0 GCTaskThread "GC Thread#1" [stack: 0x0000002811200000,0x0000002811300000] [id=23292]
  0x000001447d937bb0 GCTaskThread "GC Thread#2" [stack: 0x0000002811300000,0x0000002811400000] [id=27492]
  0x000001447d937e70 GCTaskThread "GC Thread#3" [stack: 0x0000002811400000,0x0000002811500000] [id=20132]
  0x0000014472a53ca0 ConcurrentGCThread "G1 Main Marker" [stack: 0x0000002810100000,0x0000002810200000] [id=20076]
  0x0000014472a545d0 ConcurrentGCThread "G1 Conc#0" [stack: 0x0000002810200000,0x0000002810300000] [id=21356]
  0x0000014472abe5a0 ConcurrentGCThread "G1 Refine#0" [stack: 0x0000002810300000,0x0000002810400000] [id=20516]
  0x000001447ce060e0 ConcurrentGCThread "G1 Service" [stack: 0x0000002810400000,0x0000002810500000] [id=23256]

Threads with active compile tasks:
C1 CompilerThread0  3671945 3848       1       java.math.BigDecimal::valueOf (57 bytes)

VM state: at safepoint (normal execution)

VM Mutex/Monitor currently owned by a thread:  ([mutex/lock_event])
[0x0000014472a0b3c0] Threads_lock - owner thread: 0x000001447cf9a300
[0x0000014472a0a1c0] Heap_lock - owner thread: 0x000001447e939b30

Heap address: 0x00000000c0000000, size: 1024 MB, Compressed Oops mode: 32-bit

CDS archive(s) not mapped
Compressed class space mapped at: 0x0000000100000000-0x0000000140000000, reserved size: 1073741824
Narrow klass base: 0x0000000000000000, Narrow klass shift: 3, Narrow klass range: 0x140000000

GC Precious Log:
 CPUs: 4 total, 4 available
 Memory: 12071M
 Large Page Support: Disabled
 NUMA Support: Disabled
 Compressed Oops: Enabled (32-bit)
 Heap Region Size: 1M
 Heap Min Capacity: 8M
 Heap Initial Capacity: 190M
 Heap Max Capacity: 1G
 Pre-touch: Disabled
 Parallel Workers: 4
 Concurrent Workers: 1
 Concurrent Refinement Workers: 4
 Periodic GC: Disabled

Heap:
 garbage-first heap   total 78848K, used 25359K [0x00000000c0000000, 0x0000000100000000)
  region size 1024K, 1 young (1024K), 0 survivors (0K)
 Metaspace       used 41181K, committed 41600K, reserved 1114112K
  class space    used 5278K, committed 5440K, reserved 1048576K

Heap Regions: E=young(eden), S=young(survivor), O=old, HS=humongous(starts), HC=humongous(continues), CS=collection set, F=free, OA=open archive, CA=closed archive, TAMS=top-at-mark-start (previous, next)
|   0|0x00000000c0000000, 0x00000000c0100000, 0x00000000c0100000|100%|HS|  |TAMS 0x00000000c0100000, 0x00000000c0000000| Untracked 
|   1|0x00000000c0100000, 0x00000000c0200000, 0x00000000c0200000|100%|HC|  |TAMS 0x00000000c0200000, 0x00000000c0100000| Untracked 
|   2|0x00000000c0200000, 0x00000000c0300000, 0x00000000c0300000|100%|HC|  |TAMS 0x00000000c0300000, 0x00000000c0200000| Untracked 
|   3|0x00000000c0300000, 0x00000000c0400000, 0x00000000c0400000|100%|HC|  |TAMS 0x00000000c0400000, 0x00000000c0300000| Untracked 
|   4|0x00000000c0400000, 0x00000000c0500000, 0x00000000c0500000|100%|HS|  |TAMS 0x00000000c0500000, 0x00000000c0400000| Untracked 
|   5|0x00000000c0500000, 0x00000000c0600000, 0x00000000c0600000|100%|HC|  |TAMS 0x00000000c0600000, 0x00000000c0500000| Untracked 
|   6|0x00000000c0600000, 0x00000000c06fff38, 0x00000000c0700000| 99%| O|  |TAMS 0x00000000c06fff38, 0x00000000c0600000| Untracked 
|   7|0x00000000c0700000, 0x00000000c07fffe8, 0x00000000c0800000| 99%| O|  |TAMS 0x00000000c07fffe8, 0x00000000c0700000| Untracked 
|   8|0x00000000c0800000, 0x00000000c0900000, 0x00000000c0900000|100%| O|  |TAMS 0x00000000c0900000, 0x00000000c0800000| Untracked 
|   9|0x00000000c0900000, 0x00000000c09f7f40, 0x00000000c0a00000| 96%| O|  |TAMS 0x00000000c09f7f40, 0x00000000c0900000| Untracked 
|  10|0x00000000c0a00000, 0x00000000c0b00000, 0x00000000c0b00000|100%| O|  |TAMS 0x00000000c0b00000, 0x00000000c0a00000| Untracked 
|  11|0x00000000c0b00000, 0x00000000c0c00000, 0x00000000c0c00000|100%| O|  |TAMS 0x00000000c0c00000, 0x00000000c0b00000| Untracked 
|  12|0x00000000c0c00000, 0x00000000c0cffff0, 0x00000000c0d00000| 99%| O|  |TAMS 0x00000000c0cffff0, 0x00000000c0c00000| Untracked 
|  13|0x00000000c0d00000, 0x00000000c0dfda70, 0x00000000c0e00000| 99%| O|  |TAMS 0x00000000c0dfda70, 0x00000000c0d00000| Untracked 
|  14|0x00000000c0e00000, 0x00000000c0effff0, 0x00000000c0f00000| 99%| O|  |TAMS 0x00000000c0effff0, 0x00000000c0e00000| Untracked 
|  15|0x00000000c0f00000, 0x00000000c0fffff0, 0x00000000c1000000| 99%| O|  |TAMS 0x00000000c0fffff0, 0x00000000c0f00000| Untracked 
|  16|0x00000000c1000000, 0x00000000c10ffb28, 0x00000000c1100000| 99%| O|  |TAMS 0x00000000c10ffb28, 0x00000000c1000000| Untracked 
|  17|0x00000000c1100000, 0x00000000c11fff88, 0x00000000c1200000| 99%| O|  |TAMS 0x00000000c11fff88, 0x00000000c1100000| Untracked 
|  18|0x00000000c1200000, 0x00000000c12ffff0, 0x00000000c1300000| 99%| O|  |TAMS 0x00000000c12ffff0, 0x00000000c1200000| Untracked 
|  19|0x00000000c1300000, 0x00000000c13ffff8, 0x00000000c1400000| 99%| O|  |TAMS 0x00000000c13ffff8, 0x00000000c1300000| Untracked 
|  20|0x00000000c1400000, 0x00000000c14fffe0, 0x00000000c1500000| 99%| O|  |TAMS 0x00000000c14fffe0, 0x00000000c1400000| Untracked 
|  21|0x00000000c1500000, 0x00000000c15f60f0, 0x00000000c1600000| 96%| O|  |TAMS 0x00000000c15f60f0, 0x00000000c1500000| Untracked 
|  22|0x00000000c1600000, 0x00000000c1700000, 0x00000000c1700000|100%| O|  |TAMS 0x00000000c1700000, 0x00000000c1600000| Untracked 
|  23|0x00000000c1700000, 0x00000000c17d9128, 0x00000000c1800000| 84%| O|  |TAMS 0x00000000c1700000, 0x00000000c1700000| Untracked 
|  24|0x00000000c1800000, 0x00000000c18047b0, 0x00000000c1900000|  1%| O|  |TAMS 0x00000000c1800000, 0x00000000c1800000| Untracked 
|  25|0x00000000c1900000, 0x00000000c19fb0e0, 0x00000000c1a00000| 98%| O|  |TAMS 0x00000000c19fb0e0, 0x00000000c1900000| Untracked 
|  26|0x00000000c1a00000, 0x00000000c1a00000, 0x00000000c1b00000|  0%| F|  |TAMS 0x00000000c1a00000, 0x00000000c1a00000| Untracked 
|  27|0x00000000c1b00000, 0x00000000c1b00000, 0x00000000c1c00000|  0%| F|  |TAMS 0x00000000c1b00000, 0x00000000c1b00000| Untracked 
|  28|0x00000000c1c00000, 0x00000000c1c00000, 0x00000000c1d00000|  0%| F|  |TAMS 0x00000000c1c00000, 0x00000000c1c00000| Untracked 
|  29|0x00000000c1d00000, 0x00000000c1d00000, 0x00000000c1e00000|  0%| F|  |TAMS 0x00000000c1d00000, 0x00000000c1d00000| Untracked 
|  30|0x00000000c1e00000, 0x00000000c1e00000, 0x00000000c1f00000|  0%| F|  |TAMS 0x00000000c1e00000, 0x00000000c1e00000| Untracked 
|  31|0x00000000c1f00000, 0x00000000c1f00000, 0x00000000c2000000|  0%| F|  |TAMS 0x00000000c1f00000, 0x00000000c1f00000| Untracked 
|  32|0x00000000c2000000, 0x00000000c2000000, 0x00000000c2100000|  0%| F|  |TAMS 0x00000000c2000000, 0x00000000c2000000| Untracked 
|  33|0x00000000c2100000, 0x00000000c2100000, 0x00000000c2200000|  0%| F|  |TAMS 0x00000000c2100000, 0x00000000c2100000| Untracked 
|  34|0x00000000c2200000, 0x00000000c2200000, 0x00000000c2300000|  0%| F|  |TAMS 0x00000000c2200000, 0x00000000c2200000| Untracked 
|  35|0x00000000c2300000, 0x00000000c2300000, 0x00000000c2400000|  0%| F|  |TAMS 0x00000000c2300000, 0x00000000c2300000| Untracked 
|  36|0x00000000c2400000, 0x00000000c2400000, 0x00000000c2500000|  0%| F|  |TAMS 0x00000000c2400000, 0x00000000c2400000| Untracked 
|  37|0x00000000c2500000, 0x00000000c2500000, 0x00000000c2600000|  0%| F|  |TAMS 0x00000000c2500000, 0x00000000c2500000| Untracked 
|  38|0x00000000c2600000, 0x00000000c2600000, 0x00000000c2700000|  0%| F|  |TAMS 0x00000000c2600000, 0x00000000c2600000| Untracked 
|  39|0x00000000c2700000, 0x00000000c2700000, 0x00000000c2800000|  0%| F|  |TAMS 0x00000000c2700000, 0x00000000c2700000| Untracked 
|  40|0x00000000c2800000, 0x00000000c2800000, 0x00000000c2900000|  0%| F|  |TAMS 0x00000000c2800000, 0x00000000c2800000| Untracked 
|  41|0x00000000c2900000, 0x00000000c2900000, 0x00000000c2a00000|  0%| F|  |TAMS 0x00000000c2900000, 0x00000000c2900000| Untracked 
|  42|0x00000000c2a00000, 0x00000000c2a00000, 0x00000000c2b00000|  0%| F|  |TAMS 0x00000000c2a00000, 0x00000000c2a00000| Untracked 
|  43|0x00000000c2b00000, 0x00000000c2b00000, 0x00000000c2c00000|  0%| F|  |TAMS 0x00000000c2b00000, 0x00000000c2b00000| Untracked 
|  44|0x00000000c2c00000, 0x00000000c2c00000, 0x00000000c2d00000|  0%| F|  |TAMS 0x00000000c2c00000, 0x00000000c2c00000| Untracked 
|  45|0x00000000c2d00000, 0x00000000c2d00000, 0x00000000c2e00000|  0%| F|  |TAMS 0x00000000c2d00000, 0x00000000c2d00000| Untracked 
|  46|0x00000000c2e00000, 0x00000000c2e00000, 0x00000000c2f00000|  0%| F|  |TAMS 0x00000000c2e00000, 0x00000000c2e00000| Untracked 
|  47|0x00000000c2f00000, 0x00000000c2f00000, 0x00000000c3000000|  0%| F|  |TAMS 0x00000000c2f00000, 0x00000000c2f00000| Untracked 
|  48|0x00000000c3000000, 0x00000000c3000000, 0x00000000c3100000|  0%| F|  |TAMS 0x00000000c3000000, 0x00000000c3000000| Untracked 
|  49|0x00000000c3100000, 0x00000000c3100000, 0x00000000c3200000|  0%| F|  |TAMS 0x00000000c3100000, 0x00000000c3100000| Untracked 
|  50|0x00000000c3200000, 0x00000000c3200000, 0x00000000c3300000|  0%| F|  |TAMS 0x00000000c3200000, 0x00000000c3200000| Untracked 
|  51|0x00000000c3300000, 0x00000000c3300000, 0x00000000c3400000|  0%| F|  |TAMS 0x00000000c3300000, 0x00000000c3300000| Untracked 
|  52|0x00000000c3400000, 0x00000000c3400000, 0x00000000c3500000|  0%| F|  |TAMS 0x00000000c3400000, 0x00000000c3400000| Untracked 
|  53|0x00000000c3500000, 0x00000000c3500000, 0x00000000c3600000|  0%| F|  |TAMS 0x00000000c3500000, 0x00000000c3500000| Untracked 
|  54|0x00000000c3600000, 0x00000000c3600000, 0x00000000c3700000|  0%| F|  |TAMS 0x00000000c3600000, 0x00000000c3600000| Untracked 
|  55|0x00000000c3700000, 0x00000000c3700000, 0x00000000c3800000|  0%| F|  |TAMS 0x00000000c3700000, 0x00000000c3700000| Untracked 
|  56|0x00000000c3800000, 0x00000000c3800000, 0x00000000c3900000|  0%| F|  |TAMS 0x00000000c3800000, 0x00000000c3800000| Untracked 
|  57|0x00000000c3900000, 0x00000000c3900000, 0x00000000c3a00000|  0%| F|  |TAMS 0x00000000c3900000, 0x00000000c3900000| Untracked 
|  58|0x00000000c3a00000, 0x00000000c3a00000, 0x00000000c3b00000|  0%| F|  |TAMS 0x00000000c3a00000, 0x00000000c3a00000| Untracked 
|  59|0x00000000c3b00000, 0x00000000c3b00000, 0x00000000c3c00000|  0%| F|  |TAMS 0x00000000c3b00000, 0x00000000c3b00000| Untracked 
|  60|0x00000000c3c00000, 0x00000000c3c00000, 0x00000000c3d00000|  0%| F|  |TAMS 0x00000000c3c00000, 0x00000000c3c00000| Untracked 
|  61|0x00000000c3d00000, 0x00000000c3d00000, 0x00000000c3e00000|  0%| F|  |TAMS 0x00000000c3d00000, 0x00000000c3d00000| Untracked 
|  62|0x00000000c3e00000, 0x00000000c3e00000, 0x00000000c3f00000|  0%| F|  |TAMS 0x00000000c3e00000, 0x00000000c3e00000| Untracked 
|  63|0x00000000c3f00000, 0x00000000c3f00000, 0x00000000c4000000|  0%| F|  |TAMS 0x00000000c3f00000, 0x00000000c3f00000| Untracked 
|  64|0x00000000c4000000, 0x00000000c4000000, 0x00000000c4100000|  0%| F|  |TAMS 0x00000000c4000000, 0x00000000c4000000| Untracked 
|  65|0x00000000c4100000, 0x00000000c4100000, 0x00000000c4200000|  0%| F|  |TAMS 0x00000000c4100000, 0x00000000c4100000| Untracked 
|  66|0x00000000c4200000, 0x00000000c4200000, 0x00000000c4300000|  0%| F|  |TAMS 0x00000000c4200000, 0x00000000c4200000| Untracked 
|  67|0x00000000c4300000, 0x00000000c4300000, 0x00000000c4400000|  0%| F|  |TAMS 0x00000000c4300000, 0x00000000c4300000| Untracked 
|  68|0x00000000c4400000, 0x00000000c4400000, 0x00000000c4500000|  0%| F|  |TAMS 0x00000000c4400000, 0x00000000c4400000| Untracked 
| 155|0x00000000c9b00000, 0x00000000c9b00000, 0x00000000c9c00000|  0%| F|  |TAMS 0x00000000c9b00000, 0x00000000c9b00000| Untracked 
| 156|0x00000000c9c00000, 0x00000000c9c00000, 0x00000000c9d00000|  0%| F|  |TAMS 0x00000000c9c00000, 0x00000000c9c00000| Untracked 
| 157|0x00000000c9d00000, 0x00000000c9d00000, 0x00000000c9e00000|  0%| F|  |TAMS 0x00000000c9d00000, 0x00000000c9d00000| Untracked 
| 158|0x00000000c9e00000, 0x00000000c9e00000, 0x00000000c9f00000|  0%| F|  |TAMS 0x00000000c9e00000, 0x00000000c9e00000| Untracked 
| 159|0x00000000c9f00000, 0x00000000c9f00000, 0x00000000ca000000|  0%| F|  |TAMS 0x00000000c9f00000, 0x00000000c9f00000| Untracked 
| 160|0x00000000ca000000, 0x00000000ca000000, 0x00000000ca100000|  0%| F|  |TAMS 0x00000000ca000000, 0x00000000ca000000| Untracked 
| 188|0x00000000cbc00000, 0x00000000cbc00000, 0x00000000cbd00000|  0%| F|  |TAMS 0x00000000cbc00000, 0x00000000cbc00000| Untracked 
| 189|0x00000000cbd00000, 0x00000000cbd266b0, 0x00000000cbe00000| 15%| E|  |TAMS 0x00000000cbd00000, 0x00000000cbd00000| Complete 

Card table byte_map: [0x00000144786a0000,0x00000144788a0000] _byte_map_base: 0x00000144780a0000

Marking Bits (Prev, Next): (CMBitMap*) 0x0000014472a4b370, (CMBitMap*) 0x0000014472a4b3b0
 Prev Bits: [0x0000014478aa0000, 0x0000014479aa0000)
 Next Bits: [0x0000014479aa0000, 0x000001447aaa0000)

Polling page: 0x0000014470b90000

Metaspace:

Usage:
  Non-class:     35.06 MB used.
      Class:      5.15 MB used.
       Both:     40.22 MB used.

Virtual space:
  Non-class space:       64.00 MB reserved,      35.31 MB ( 55%) committed,  1 nodes.
      Class space:        1.00 GB reserved,       5.31 MB ( <1%) committed,  1 nodes.
             Both:        1.06 GB reserved,      40.62 MB (  4%) committed. 

Chunk freelists:
   Non-Class:  11.89 MB
       Class:  10.75 MB
        Both:  22.63 MB

MaxMetaspaceSize: unlimited
CompressedClassSpaceSize: 1.00 GB
Initial GC threshold: 21.00 MB
Current GC threshold: 67.62 MB
CDS: off
MetaspaceReclaimPolicy: balanced
 - commit_granule_bytes: 65536.
 - commit_granule_words: 8192.
 - virtual_space_node_default_size: 8388608.
 - enlarge_chunks_in_place: 1.
 - new_chunks_are_fully_committed: 0.
 - uncommit_free_chunks: 1.
 - use_allocation_guard: 0.
 - handle_deallocations: 1.


Internal statistics:

num_allocs_failed_limit: 8.
num_arena_births: 522.
num_arena_deaths: 158.
num_vsnodes_births: 2.
num_vsnodes_deaths: 0.
num_space_committed: 649.
num_space_uncommitted: 0.
num_chunks_returned_to_freelist: 179.
num_chunks_taken_from_freelist: 1793.
num_chunk_merges: 54.
num_chunk_splits: 1211.
num_chunks_enlarged: 917.
num_inconsistent_stats: 0.

CodeCache: size=49152Kb used=7116Kb max_used=7841Kb free=42035Kb
 bounds [0x00000144756a0000, 0x0000014475e50000, 0x00000144786a0000]
 total_blobs=4396 nmethods=3847 adapters=475
 compilation: enabled
              stopped_count=0, restarted_count=0
 full_count=0

Compilation events (20 events):
Event: 3533.832 Thread 0x000001447cfcd830 nmethod 3838 0x0000014475886c90 code [0x0000014475886e20, 0x0000014475886ef8]
Event: 3534.025 Thread 0x000001447cfcd830 3839       1       java.net.URI::decode (73 bytes)
Event: 3534.025 Thread 0x000001447cfcd830 nmethod 3839 0x0000014475886910 code [0x0000014475886ac0, 0x0000014475886c38]
Event: 3534.422 Thread 0x000001447cfcd830 3840       1       java.net.URI::toString (16 bytes)
Event: 3534.423 Thread 0x000001447cfcd830 nmethod 3840 0x0000014475886610 code [0x00000144758867a0, 0x0000014475886888]
Event: 3534.423 Thread 0x000001447cfcd830 3843       1       java.lang.Long::stringSize (55 bytes)
Event: 3534.423 Thread 0x000001447cfcd830 nmethod 3843 0x0000014475886290 code [0x0000014475886420, 0x0000014475886578]
Event: 3534.423 Thread 0x000001447cfcd830 3844       1       java.lang.Long::getChars (208 bytes)
Event: 3534.423 Thread 0x000001447cfcd830 nmethod 3844 0x0000014475885a10 code [0x0000014475885be0, 0x0000014475885fb8]
Event: 3534.423 Thread 0x000001447cfcd830 3842       1       java.lang.Long::valueOf (40 bytes)
Event: 3534.423 Thread 0x000001447cfcd830 nmethod 3842 0x0000014475885610 code [0x00000144758857a0, 0x0000014475885938]
Event: 3534.423 Thread 0x000001447cfcd830 3841       1       java.time.Instant::getEpochSecond (5 bytes)
Event: 3534.423 Thread 0x000001447cfcd830 nmethod 3841 0x0000014475885310 code [0x00000144758854a0, 0x0000014475885578]
Event: 3534.423 Thread 0x000001447cfcd830 3845       1       com.google.gson.stream.JsonWriter::open (19 bytes)
Event: 3534.426 Thread 0x000001447cfcd830 nmethod 3845 0x0000014475884f10 code [0x00000144758850c0, 0x0000014475885208]
Event: 3536.516 Thread 0x000001447cfcd830 3846       1       org.eclipse.lsp4j.jsonrpc.messages.Either::getRight (5 bytes)
Event: 3536.517 Thread 0x000001447cfcd830 nmethod 3846 0x0000014475884c10 code [0x0000014475884da0, 0x0000014475884e78]
Event: 3640.020 Thread 0x000001447cfcd830 3847       1       java.util.concurrent.locks.AbstractQueuedSynchronizer::signalNext (34 bytes)
Event: 3640.084 Thread 0x000001447cfcd830 nmethod 3847 0x0000014475884810 code [0x00000144758849a0, 0x0000014475884ae8]
Event: 3671.885 Thread 0x000001447cfcd830 3848       1       java.math.BigDecimal::valueOf (57 bytes)

GC Heap History (20 events):
Event: 3525.506 GC heap before
{Heap before GC invocations=317 (full 308):
 garbage-first heap   total 78848K, used 25349K [0x00000000c0000000, 0x0000000100000000)
  region size 1024K, 1 young (1024K), 0 survivors (0K)
 Metaspace       used 41180K, committed 41600K, reserved 1114112K
  class space    used 5278K, committed 5440K, reserved 1048576K
}
Event: 3525.530 GC heap after
{Heap after GC invocations=318 (full 309):
 garbage-first heap   total 78848K, used 25349K [0x00000000c0000000, 0x0000000100000000)
  region size 1024K, 0 young (0K), 0 survivors (0K)
 Metaspace       used 41180K, committed 41600K, reserved 1114112K
  class space    used 5278K, committed 5440K, reserved 1048576K
}
Event: 3575.839 GC heap before
{Heap before GC invocations=318 (full 309):
 garbage-first heap   total 78848K, used 26373K [0x00000000c0000000, 0x0000000100000000)
  region size 1024K, 2 young (2048K), 0 survivors (0K)
 Metaspace       used 41181K, committed 41600K, reserved 1114112K
  class space    used 5278K, committed 5440K, reserved 1048576K
}
Event: 3575.862 GC heap after
{Heap after GC invocations=319 (full 310):
 garbage-first heap   total 78848K, used 25365K [0x00000000c0000000, 0x0000000100000000)
  region size 1024K, 0 young (0K), 0 survivors (0K)
 Metaspace       used 41181K, committed 41600K, reserved 1114112K
  class space    used 5278K, committed 5440K, reserved 1048576K
}
Event: 3586.033 GC heap before
{Heap before GC invocations=319 (full 310):
 garbage-first heap   total 78848K, used 25365K [0x00000000c0000000, 0x0000000100000000)
  region size 1024K, 1 young (1024K), 0 survivors (0K)
 Metaspace       used 41181K, committed 41600K, reserved 1114112K
  class space    used 5278K, committed 5440K, reserved 1048576K
}
Event: 3586.055 GC heap after
{Heap after GC invocations=320 (full 311):
 garbage-first heap   total 78848K, used 25365K [0x00000000c0000000, 0x0000000100000000)
  region size 1024K, 0 young (0K), 0 survivors (0K)
 Metaspace       used 41181K, committed 41600K, reserved 1114112K
  class space    used 5278K, committed 5440K, reserved 1048576K
}
Event: 3596.249 GC heap before
{Heap before GC invocations=320 (full 311):
 garbage-first heap   total 78848K, used 25365K [0x00000000c0000000, 0x0000000100000000)
  region size 1024K, 1 young (1024K), 0 survivors (0K)
 Metaspace       used 41181K, committed 41600K, reserved 1114112K
  class space    used 5278K, committed 5440K, reserved 1048576K
}
Event: 3596.272 GC heap after
{Heap after GC invocations=321 (full 312):
 garbage-first heap   total 78848K, used 25362K [0x00000000c0000000, 0x0000000100000000)
  region size 1024K, 0 young (0K), 0 survivors (0K)
 Metaspace       used 41181K, committed 41600K, reserved 1114112K
  class space    used 5278K, committed 5440K, reserved 1048576K
}
Event: 3606.479 GC heap before
{Heap before GC invocations=321 (full 312):
 garbage-first heap   total 78848K, used 25362K [0x00000000c0000000, 0x0000000100000000)
  region size 1024K, 1 young (1024K), 0 survivors (0K)
 Metaspace       used 41181K, committed 41600K, reserved 1114112K
  class space    used 5278K, committed 5440K, reserved 1048576K
}
Event: 3606.501 GC heap after
{Heap after GC invocations=322 (full 313):
 garbage-first heap   total 78848K, used 25361K [0x00000000c0000000, 0x0000000100000000)
  region size 1024K, 0 young (0K), 0 survivors (0K)
 Metaspace       used 41181K, committed 41600K, reserved 1114112K
  class space    used 5278K, committed 5440K, reserved 1048576K
}
Event: 3616.812 GC heap before
{Heap before GC invocations=322 (full 313):
 garbage-first heap   total 78848K, used 25361K [0x00000000c0000000, 0x0000000100000000)
  region size 1024K, 1 young (1024K), 0 survivors (0K)
 Metaspace       used 41181K, committed 41600K, reserved 1114112K
  class space    used 5278K, committed 5440K, reserved 1048576K
}
Event: 3616.831 GC heap after
{Heap after GC invocations=323 (full 314):
 garbage-first heap   total 78848K, used 25361K [0x00000000c0000000, 0x0000000100000000)
  region size 1024K, 0 young (0K), 0 survivors (0K)
 Metaspace       used 41181K, committed 41600K, reserved 1114112K
  class space    used 5278K, committed 5440K, reserved 1048576K
}
Event: 3627.027 GC heap before
{Heap before GC invocations=323 (full 314):
 garbage-first heap   total 78848K, used 25361K [0x00000000c0000000, 0x0000000100000000)
  region size 1024K, 1 young (1024K), 0 survivors (0K)
 Metaspace       used 41181K, committed 41600K, reserved 1114112K
  class space    used 5278K, committed 5440K, reserved 1048576K
}
Event: 3627.050 GC heap after
{Heap after GC invocations=324 (full 315):
 garbage-first heap   total 78848K, used 25361K [0x00000000c0000000, 0x0000000100000000)
  region size 1024K, 0 young (0K), 0 survivors (0K)
 Metaspace       used 41181K, committed 41600K, reserved 1114112K
  class space    used 5278K, committed 5440K, reserved 1048576K
}
Event: 3637.418 GC heap before
{Heap before GC invocations=324 (full 315):
 garbage-first heap   total 78848K, used 25361K [0x00000000c0000000, 0x0000000100000000)
  region size 1024K, 1 young (1024K), 0 survivors (0K)
 Metaspace       used 41181K, committed 41600K, reserved 1114112K
  class space    used 5278K, committed 5440K, reserved 1048576K
}
Event: 3637.438 GC heap after
{Heap after GC invocations=325 (full 316):
 garbage-first heap   total 78848K, used 25361K [0x00000000c0000000, 0x0000000100000000)
  region size 1024K, 0 young (0K), 0 survivors (0K)
 Metaspace       used 41181K, committed 41600K, reserved 1114112K
  class space    used 5278K, committed 5440K, reserved 1048576K
}
Event: 3647.928 GC heap before
{Heap before GC invocations=325 (full 316):
 garbage-first heap   total 78848K, used 25361K [0x00000000c0000000, 0x0000000100000000)
  region size 1024K, 1 young (1024K), 0 survivors (0K)
 Metaspace       used 41181K, committed 41600K, reserved 1114112K
  class space    used 5278K, committed 5440K, reserved 1048576K
}
Event: 3647.953 GC heap after
{Heap after GC invocations=326 (full 317):
 garbage-first heap   total 78848K, used 25361K [0x00000000c0000000, 0x0000000100000000)
  region size 1024K, 0 young (0K), 0 survivors (0K)
 Metaspace       used 41181K, committed 41600K, reserved 1114112K
  class space    used 5278K, committed 5440K, reserved 1048576K
}
Event: 3658.386 GC heap before
{Heap before GC invocations=326 (full 317):
 garbage-first heap   total 78848K, used 25361K [0x00000000c0000000, 0x0000000100000000)
  region size 1024K, 1 young (1024K), 0 survivors (0K)
 Metaspace       used 41181K, committed 41600K, reserved 1114112K
  class space    used 5278K, committed 5440K, reserved 1048576K
}
Event: 3658.410 GC heap after
{Heap after GC invocations=327 (full 318):
 garbage-first heap   total 78848K, used 25359K [0x00000000c0000000, 0x0000000100000000)
  region size 1024K, 0 young (0K), 0 survivors (0K)
 Metaspace       used 41181K, committed 41600K, reserved 1114112K
  class space    used 5278K, committed 5440K, reserved 1048576K
}

Dll operation events (8 events):
Event: 0.015 Loaded shared library c:\Users\joaov\.vscode\extensions\redhat.java-1.33.0-win32-x64\jre\17.0.11-win32-x86_64\bin\java.dll
Event: 0.331 Loaded shared library C:\Users\joaov\.vscode\extensions\redhat.java-1.33.0-win32-x64\jre\17.0.11-win32-x86_64\bin\net.dll
Event: 0.332 Loaded shared library C:\Users\joaov\.vscode\extensions\redhat.java-1.33.0-win32-x64\jre\17.0.11-win32-x86_64\bin\nio.dll
Event: 0.348 Loaded shared library C:\Users\joaov\.vscode\extensions\redhat.java-1.33.0-win32-x64\jre\17.0.11-win32-x86_64\bin\zip.dll
Event: 15.982 Loaded shared library C:\Users\joaov\.vscode\extensions\redhat.java-1.33.0-win32-x64\jre\17.0.11-win32-x86_64\bin\jimage.dll
Event: 17.432 Loaded shared library c:\Users\joaov\.vscode\extensions\redhat.java-1.33.0-win32-x64\jre\17.0.11-win32-x86_64\bin\verify.dll
Event: 20.146 Loaded shared library C:\Users\joaov\.vscode\extensions\redhat.java-1.33.0-win32-x64\jre\17.0.11-win32-x86_64\bin\management.dll
Event: 20.149 Loaded shared library C:\Users\joaov\.vscode\extensions\redhat.java-1.33.0-win32-x64\jre\17.0.11-win32-x86_64\bin\management_ext.dll

Deoptimization events (2 events):
Event: 3532.869 Thread 0x000001447ed70070 DEOPT PACKING pc=0x0000014475be1401 sp=0x0000002811cfdf10
Event: 3532.871 Thread 0x000001447ed70070 DEOPT UNPACKING pc=0x00000144756face3 sp=0x0000002811cfd3a0 mode 3

Classes unloaded (20 events):
Event: 80.664 Thread 0x000001447cf9a300 Unloading class 0x000000010008e400 'java/lang/invoke/LambdaForm$MH+0x000000010008e400'
Event: 80.664 Thread 0x000001447cf9a300 Unloading class 0x000000010008e000 'java/lang/invoke/LambdaForm$MH+0x000000010008e000'
Event: 80.664 Thread 0x000001447cf9a300 Unloading class 0x000000010008dc00 'java/lang/invoke/LambdaForm$MH+0x000000010008dc00'
Event: 80.664 Thread 0x000001447cf9a300 Unloading class 0x000000010008d800 'java/lang/invoke/LambdaForm$MH+0x000000010008d800'
Event: 80.664 Thread 0x000001447cf9a300 Unloading class 0x000000010008d400 'java/lang/invoke/LambdaForm$MH+0x000000010008d400'
Event: 80.664 Thread 0x000001447cf9a300 Unloading class 0x000000010008cc00 'java/lang/invoke/LambdaForm$MH+0x000000010008cc00'
Event: 80.664 Thread 0x000001447cf9a300 Unloading class 0x000000010008c800 'java/lang/invoke/LambdaForm$MH+0x000000010008c800'
Event: 80.664 Thread 0x000001447cf9a300 Unloading class 0x000000010008c000 'java/lang/invoke/LambdaForm$MH+0x000000010008c000'
Event: 80.664 Thread 0x000001447cf9a300 Unloading class 0x000000010008bc00 'java/lang/invoke/LambdaForm$MH+0x000000010008bc00'
Event: 80.664 Thread 0x000001447cf9a300 Unloading class 0x000000010008ac00 'java/lang/invoke/LambdaForm$MH+0x000000010008ac00'
Event: 80.664 Thread 0x000001447cf9a300 Unloading class 0x000000010008a400 'java/lang/invoke/LambdaForm$MH+0x000000010008a400'
Event: 80.664 Thread 0x000001447cf9a300 Unloading class 0x000000010008a000 'java/lang/invoke/LambdaForm$MH+0x000000010008a000'
Event: 80.664 Thread 0x000001447cf9a300 Unloading class 0x0000000100089c00 'java/lang/invoke/LambdaForm$MH+0x0000000100089c00'
Event: 80.664 Thread 0x000001447cf9a300 Unloading class 0x0000000100089800 'java/lang/invoke/LambdaForm$MH+0x0000000100089800'
Event: 80.664 Thread 0x000001447cf9a300 Unloading class 0x0000000100089400 'java/lang/invoke/LambdaForm$MH+0x0000000100089400'
Event: 80.664 Thread 0x000001447cf9a300 Unloading class 0x0000000100088c00 'java/lang/invoke/LambdaForm$MH+0x0000000100088c00'
Event: 80.664 Thread 0x000001447cf9a300 Unloading class 0x0000000100088400 'java/lang/invoke/LambdaForm$MH+0x0000000100088400'
Event: 2384.821 Thread 0x000001447cf9a300 Unloading class 0x0000000100430000 'java/lang/invoke/LambdaForm$MH+0x0000000100430000'
Event: 2384.821 Thread 0x000001447cf9a300 Unloading class 0x0000000100480800 'java/lang/invoke/LambdaForm$MH+0x0000000100480800'
Event: 2384.821 Thread 0x000001447cf9a300 Unloading class 0x0000000100525000 'java/lang/invoke/LambdaForm$MH+0x0000000100525000'

Classes redefined (0 events):
No events

Internal exceptions (20 events):
Event: 18.273 Thread 0x0000014472a0f5c0 Exception <a 'java/lang/NoSuchMethodError'{0x00000000c9ce45c8}: 'int java.lang.invoke.Invokers$Holder.linkToTargetMethod(java.lang.Object, java.lang.Object, java.lang.Object)'> (0x00000000c9ce45c8) 
thrown [s\src\hotspot\share\interpreter\linkResolver.cpp, line 759]
Event: 18.447 Thread 0x0000014472a0f5c0 Exception <a 'java/lang/NoSuchMethodError'{0x00000000c4289ce8}: 'java.lang.Object java.lang.invoke.DirectMethodHandle$Holder.invokeStaticInit(java.lang.Object, int, int, int, int)'> (0x00000000c4289ce8) 
thrown [s\src\hotspot\share\interpreter\linkResolver.cpp, line 759]
Event: 18.650 Thread 0x0000014472a0f5c0 Exception <a 'java/lang/NoSuchMethodError'{0x00000000c411ae10}: 'java.lang.Object java.lang.invoke.DirectMethodHandle$Holder.invokeStaticInit(java.lang.Object, java.lang.Object, int, int, int, int)'> (0x00000000c411ae10) 
thrown [s\src\hotspot\share\interpreter\linkResolver.cpp, line 759]
Event: 18.938 Thread 0x0000014472a0f5c0 Exception <a 'java/lang/NoSuchMethodError'{0x00000000c3ac5348}: 'void java.lang.invoke.DirectMethodHandle$Holder.invokeSpecialIFC(java.lang.Object, java.lang.Object, java.lang.Object)'> (0x00000000c3ac5348) 
thrown [s\src\hotspot\share\interpreter\linkResolver.cpp, line 759]
Event: 19.559 Thread 0x0000014472a0f5c0 Exception <a 'java/lang/NoSuchMethodError'{0x00000000c440da90}: 'int java.lang.invoke.DirectMethodHandle$Holder.invokeSpecial(java.lang.Object, java.lang.Object, java.lang.Object, java.lang.Object, java.lang.Object)'> (0x00000000c440da90) 
thrown [s\src\hotspot\share\interpreter\linkResolver.cpp, line 759]
Event: 19.624 Thread 0x0000014472a0f5c0 Exception <a 'java/lang/NoSuchMethodError'{0x00000000c4199898}: 'void java.lang.invoke.DirectMethodHandle$Holder.invokeVirtual(java.lang.Object, java.lang.Object)'> (0x00000000c4199898) 
thrown [s\src\hotspot\share\interpreter\linkResolver.cpp, line 759]
Event: 19.636 Thread 0x0000014472a0f5c0 Exception <a 'java/lang/NoSuchMethodError'{0x00000000c41f0410}: 'int java.lang.invoke.DirectMethodHandle$Holder.invokeStaticInit(java.lang.Object, java.lang.Object, int, java.lang.Object)'> (0x00000000c41f0410) 
thrown [s\src\hotspot\share\interpreter\linkResolver.cpp, line 759]
Event: 19.698 Thread 0x0000014472a0f5c0 Exception <a 'java/lang/NoSuchMethodError'{0x00000000cbc0f350}: 'void java.lang.invoke.DirectMethodHandle$Holder.invokeSpecial(java.lang.Object, java.lang.Object, java.lang.Object, java.lang.Object, java.lang.Object, java.lang.Object, java.lang.Object)'> (0x00000000cbc0f350) 
thrown [s\src\hotspot\share\interpreter\linkResolver.cpp, line 759]
Event: 19.877 Thread 0x0000014472a0f5c0 Exception <a 'java/lang/NoSuchMethodError'{0x00000000c9b29188}: 'java.lang.Object java.lang.invoke.DirectMethodHandle$Holder.invokeInterface(java.lang.Object, java.lang.Object, int)'> (0x00000000c9b29188) 
thrown [s\src\hotspot\share\interpreter\linkResolver.cpp, line 759]
Event: 19.879 Thread 0x0000014472a0f5c0 Exception <a 'java/lang/IncompatibleClassChangeError'{0x00000000c9b3d4e8}: Found class java.lang.Object, but interface was expected> (0x00000000c9b3d4e8) 
thrown [s\src\hotspot\share\interpreter\linkResolver.cpp, line 826]
Event: 20.133 Thread 0x0000014472a0f5c0 Exception <a 'java/lang/NoSuchMethodError'{0x00000000c41eab80}: 'java.lang.Object java.lang.invoke.DirectMethodHandle$Holder.newInvokeSpecial(java.lang.Object, java.lang.Object, int, java.lang.Object, java.lang.Object)'> (0x00000000c41eab80) 
thrown [s\src\hotspot\share\interpreter\linkResolver.cpp, line 759]
Event: 20.136 Thread 0x0000014472a0f5c0 Exception <a 'java/lang/NoSuchMethodError'{0x00000000c41fea20}: 'java.lang.Object java.lang.invoke.DirectMethodHandle$Holder.newInvokeSpecial(java.lang.Object, java.lang.Object, java.lang.Object, int)'> (0x00000000c41fea20) 
thrown [s\src\hotspot\share\interpreter\linkResolver.cpp, line 759]
Event: 20.136 Thread 0x0000014472a0f5c0 Exception <a 'java/lang/NoSuchMethodError'{0x00000000c4003518}: 'java.lang.Object java.lang.invoke.DirectMethodHandle$Holder.invokeSpecial(java.lang.Object, java.lang.Object, java.lang.Object, java.lang.Object, int)'> (0x00000000c4003518) 
thrown [s\src\hotspot\share\interpreter\linkResolver.cpp, line 759]
Event: 20.137 Thread 0x0000014472a0f5c0 Exception <a 'java/lang/NoSuchMethodError'{0x00000000c40070e0}: 'java.lang.Object java.lang.invoke.Invokers$Holder.linkToTargetMethod(java.lang.Object, java.lang.Object, int, java.lang.Object)'> (0x00000000c40070e0) 
thrown [s\src\hotspot\share\interpreter\linkResolver.cpp, line 759]
Event: 20.607 Thread 0x000001447ed70070 Exception <a 'java/lang/NoSuchMethodError'{0x00000000c378dee0}: 'java.lang.Object java.lang.invoke.DirectMethodHandle$Holder.invokeStatic(java.lang.Object, java.lang.Object, java.lang.Object, int, java.lang.Object, java.lang.Object)'> (0x00000000c378dee0) 
thrown [s\src\hotspot\share\interpreter\linkResolver.cpp, line 759]
Event: 20.655 Thread 0x000001447ed723e0 Exception <a 'java/lang/NoSuchMethodError'{0x00000000c37b0630}: 'java.lang.Object java.lang.invoke.DirectMethodHandle$Holder.invokeStatic(java.lang.Object, int, java.lang.Object)'> (0x00000000c37b0630) 
thrown [s\src\hotspot\share\interpreter\linkResolver.cpp, line 759]
Event: 21.283 Thread 0x000001447ed72e00 Exception <a 'java/lang/NoSuchMethodError'{0x00000000c32643a8}: 'int java.lang.invoke.DirectMethodHandle$Holder.invokeStatic(java.lang.Object)'> (0x00000000c32643a8) 
thrown [s\src\hotspot\share\interpreter\linkResolver.cpp, line 759]
Event: 21.284 Thread 0x000001447ed72e00 Exception <a 'java/lang/NoSuchMethodError'{0x00000000c32677a8}: 'int java.lang.invoke.DirectMethodHandle$Holder.invokeStaticInit(java.lang.Object)'> (0x00000000c32677a8) 
thrown [s\src\hotspot\share\interpreter\linkResolver.cpp, line 759]
Event: 60.178 Thread 0x000001447e939b30 Exception <a 'java/lang/NoSuchMethodError'{0x00000000c3298388}: 'void java.lang.invoke.DirectMethodHandle$Holder.invokeStatic(java.lang.Object, long)'> (0x00000000c3298388) 
thrown [s\src\hotspot\share\interpreter\linkResolver.cpp, line 759]
Event: 60.179 Thread 0x000001447e939b30 Exception <a 'java/lang/NoSuchMethodError'{0x00000000c329d730}: 'java.lang.Object java.lang.invoke.DirectMethodHandle$Holder.newInvokeSpecial(java.lang.Object, long)'> (0x00000000c329d730) 
thrown [s\src\hotspot\share\interpreter\linkResolver.cpp, line 759]

VM Operations (20 events):
Event: 3547.844 Executing VM operation: HandshakeAllThreads done
Event: 3575.838 Executing VM operation: G1CollectFull
Event: 3575.862 Executing VM operation: G1CollectFull done
Event: 3586.033 Executing VM operation: G1CollectFull
Event: 3586.055 Executing VM operation: G1CollectFull done
Event: 3596.249 Executing VM operation: G1CollectFull
Event: 3596.272 Executing VM operation: G1CollectFull done
Event: 3606.479 Executing VM operation: G1CollectFull
Event: 3606.501 Executing VM operation: G1CollectFull done
Event: 3616.811 Executing VM operation: G1CollectFull
Event: 3616.831 Executing VM operation: G1CollectFull done
Event: 3627.027 Executing VM operation: G1CollectFull
Event: 3627.050 Executing VM operation: G1CollectFull done
Event: 3637.418 Executing VM operation: G1CollectFull
Event: 3637.439 Executing VM operation: G1CollectFull done
Event: 3647.928 Executing VM operation: G1CollectFull
Event: 3647.953 Executing VM operation: G1CollectFull done
Event: 3658.386 Executing VM operation: G1CollectFull
Event: 3658.410 Executing VM operation: G1CollectFull done
Event: 3671.886 Executing VM operation: G1CollectFull

Events (20 events):
Event: 3200.379 Thread 0x000001447ed719c0 Thread added: 0x000001447ed719c0
Event: 3281.190 Thread 0x000001447ed719c0 Thread exited: 0x000001447ed719c0
Event: 3281.474 Thread 0x000001447ed70a90 Thread exited: 0x000001447ed70a90
Event: 3396.974 Thread 0x000001447ed70a90 Thread added: 0x000001447ed70a90
Event: 3504.258 Thread 0x000001447ed70a90 Thread exited: 0x000001447ed70a90
Event: 3532.859 loading class java/util/concurrent/locks/AbstractQueuedSynchronizer$ExclusiveNode
Event: 3532.869 loading class java/util/concurrent/locks/AbstractQueuedSynchronizer$ExclusiveNode done
Event: 3532.891 Thread 0x000001447ed719c0 Thread added: 0x000001447ed719c0
Event: 3532.892 Thread 0x000001447ed70a90 Thread added: 0x000001447ed70a90
Event: 3532.897 Thread 0x000001447ed71ed0 Thread added: 0x000001447ed71ed0
Event: 3532.903 Thread 0x000001447e031540 Thread added: 0x000001447e031540
Event: 3532.951 Thread 0x000001447e02ce60 Thread added: 0x000001447e02ce60
Event: 3533.156 Thread 0x000001447e0333a0 Thread added: 0x000001447e0333a0
Event: 3533.420 Thread 0x000001447e02d370 Thread added: 0x000001447e02d370
Event: 3593.843 Thread 0x000001447ed70a90 Thread exited: 0x000001447ed70a90
Event: 3593.843 Thread 0x000001447e02d370 Thread exited: 0x000001447e02d370
Event: 3593.843 Thread 0x000001447e02ce60 Thread exited: 0x000001447e02ce60
Event: 3593.891 Thread 0x000001447e0333a0 Thread exited: 0x000001447e0333a0
Event: 3596.517 Thread 0x000001447e031540 Thread exited: 0x000001447e031540
Event: 3653.900 Thread 0x000001447ed71ed0 Thread exited: 0x000001447ed71ed0


Dynamic libraries:
0x00007ff7e64c0000 - 0x00007ff7e64ce000 	c:\Users\joaov\.vscode\extensions\redhat.java-1.33.0-win32-x64\jre\17.0.11-win32-x86_64\bin\java.exe
0x00007ffd73bb0000 - 0x00007ffd73dc7000 	C:\Windows\SYSTEM32\ntdll.dll
0x00007ffd720a0000 - 0x00007ffd72164000 	C:\Windows\System32\KERNEL32.DLL
0x00007ffd71470000 - 0x00007ffd7181d000 	C:\Windows\System32\KERNELBASE.dll
0x00007ffd71140000 - 0x00007ffd71251000 	C:\Windows\System32\ucrtbase.dll
0x00007ffd66970000 - 0x00007ffd66987000 	c:\Users\joaov\.vscode\extensions\redhat.java-1.33.0-win32-x64\jre\17.0.11-win32-x86_64\bin\jli.dll
0x00007ffd71d10000 - 0x00007ffd71ebe000 	C:\Windows\System32\USER32.dll
0x00007ffd70f80000 - 0x00007ffd70fa6000 	C:\Windows\System32\win32u.dll
0x00007ffd72070000 - 0x00007ffd72099000 	C:\Windows\System32\GDI32.dll
0x00007ffd71020000 - 0x00007ffd71139000 	C:\Windows\System32\gdi32full.dll
0x00007ffd71260000 - 0x00007ffd712fa000 	C:\Windows\System32\msvcp_win.dll
0x00007ffd61540000 - 0x00007ffd6155b000 	c:\Users\joaov\.vscode\extensions\redhat.java-1.33.0-win32-x64\jre\17.0.11-win32-x86_64\bin\VCRUNTIME140.dll
0x00007ffd5bae0000 - 0x00007ffd5bd73000 	C:\Windows\WinSxS\amd64_microsoft.windows.common-controls_6595b64144ccf1df_6.0.22621.3672_none_2713b9d173822955\COMCTL32.dll
0x00007ffd71f30000 - 0x00007ffd71fd7000 	C:\Windows\System32\msvcrt.dll
0x00007ffd73950000 - 0x00007ffd73981000 	C:\Windows\System32\IMM32.DLL
0x00007ffd6a710000 - 0x00007ffd6a71c000 	c:\Users\joaov\.vscode\extensions\redhat.java-1.33.0-win32-x64\jre\17.0.11-win32-x86_64\bin\vcruntime140_1.dll
0x00007ffd58770000 - 0x00007ffd587fd000 	c:\Users\joaov\.vscode\extensions\redhat.java-1.33.0-win32-x64\jre\17.0.11-win32-x86_64\bin\msvcp140.dll
0x00007ffce75d0000 - 0x00007ffce8232000 	c:\Users\joaov\.vscode\extensions\redhat.java-1.33.0-win32-x64\jre\17.0.11-win32-x86_64\bin\server\jvm.dll
0x00007ffd718e0000 - 0x00007ffd71992000 	C:\Windows\System32\ADVAPI32.dll
0x00007ffd72270000 - 0x00007ffd72319000 	C:\Windows\System32\sechost.dll
0x00007ffd70ed0000 - 0x00007ffd70ef8000 	C:\Windows\System32\bcrypt.dll
0x00007ffd73780000 - 0x00007ffd73894000 	C:\Windows\System32\RPCRT4.dll
0x00007ffd70be0000 - 0x00007ffd70c2d000 	C:\Windows\SYSTEM32\POWRPROF.dll
0x00007ffd6a670000 - 0x00007ffd6a679000 	C:\Windows\SYSTEM32\WSOCK32.dll
0x00007ffd71c90000 - 0x00007ffd71d01000 	C:\Windows\System32\WS2_32.dll
0x00007ffd67830000 - 0x00007ffd67864000 	C:\Windows\SYSTEM32\WINMM.dll
0x00007ffd63d80000 - 0x00007ffd63d8a000 	C:\Windows\SYSTEM32\VERSION.dll
0x00007ffd70bc0000 - 0x00007ffd70bd3000 	C:\Windows\SYSTEM32\UMPDC.dll
0x00007ffd6fec0000 - 0x00007ffd6fed8000 	C:\Windows\SYSTEM32\kernel.appcore.dll
0x00007ffd5c5b0000 - 0x00007ffd5c5ba000 	c:\Users\joaov\.vscode\extensions\redhat.java-1.33.0-win32-x64\jre\17.0.11-win32-x86_64\bin\jimage.dll
0x00007ffd6e090000 - 0x00007ffd6e2c2000 	C:\Windows\SYSTEM32\DBGHELP.DLL
0x00007ffd72320000 - 0x00007ffd726ad000 	C:\Windows\System32\combase.dll
0x00007ffd719a0000 - 0x00007ffd71a77000 	C:\Windows\System32\OLEAUT32.dll
0x00007ffd50b60000 - 0x00007ffd50b92000 	C:\Windows\SYSTEM32\dbgcore.DLL
0x00007ffd70f00000 - 0x00007ffd70f7b000 	C:\Windows\System32\bcryptPrimitives.dll
0x00007ffd58740000 - 0x00007ffd58765000 	c:\Users\joaov\.vscode\extensions\redhat.java-1.33.0-win32-x64\jre\17.0.11-win32-x86_64\bin\java.dll
0x00007ffd5c2c0000 - 0x00007ffd5c2d8000 	c:\Users\joaov\.vscode\extensions\redhat.java-1.33.0-win32-x64\jre\17.0.11-win32-x86_64\bin\zip.dll
0x00007ffd72da0000 - 0x00007ffd73608000 	C:\Windows\System32\SHELL32.dll
0x00007ffd6edd0000 - 0x00007ffd6f6ce000 	C:\Windows\SYSTEM32\windows.storage.dll
0x00007ffd6ec90000 - 0x00007ffd6edcf000 	C:\Windows\SYSTEM32\wintypes.dll
0x00007ffd72170000 - 0x00007ffd72269000 	C:\Windows\System32\SHCORE.dll
0x00007ffd72c30000 - 0x00007ffd72c8e000 	C:\Windows\System32\shlwapi.dll
0x00007ffd70e00000 - 0x00007ffd70e21000 	C:\Windows\SYSTEM32\profapi.dll
0x00007ffd5c230000 - 0x00007ffd5c249000 	C:\Users\joaov\.vscode\extensions\redhat.java-1.33.0-win32-x64\jre\17.0.11-win32-x86_64\bin\net.dll
0x00007ffd6a7f0000 - 0x00007ffd6a926000 	C:\Windows\SYSTEM32\WINHTTP.dll
0x00007ffd70330000 - 0x00007ffd70399000 	C:\Windows\system32\mswsock.dll
0x00007ffd5ae10000 - 0x00007ffd5ae26000 	C:\Users\joaov\.vscode\extensions\redhat.java-1.33.0-win32-x64\jre\17.0.11-win32-x86_64\bin\nio.dll
0x00007ffd5b2e0000 - 0x00007ffd5b2f0000 	c:\Users\joaov\.vscode\extensions\redhat.java-1.33.0-win32-x64\jre\17.0.11-win32-x86_64\bin\verify.dll
0x00007ffd70550000 - 0x00007ffd7056b000 	C:\Windows\SYSTEM32\CRYPTSP.dll
0x00007ffd6fe20000 - 0x00007ffd6fe55000 	C:\Windows\system32\rsaenh.dll
0x00007ffd703f0000 - 0x00007ffd70418000 	C:\Windows\SYSTEM32\USERENV.dll
0x00007ffd70570000 - 0x00007ffd7057c000 	C:\Windows\SYSTEM32\CRYPTBASE.dll
0x00007ffd6f930000 - 0x00007ffd6f95d000 	C:\Windows\SYSTEM32\IPHLPAPI.DLL
0x00007ffd71ec0000 - 0x00007ffd71ec9000 	C:\Windows\System32\NSI.dll
0x00007ffd6a7d0000 - 0x00007ffd6a7e9000 	C:\Windows\SYSTEM32\dhcpcsvc6.DLL
0x00007ffd6a7b0000 - 0x00007ffd6a7cf000 	C:\Windows\SYSTEM32\dhcpcsvc.DLL
0x00007ffd6f960000 - 0x00007ffd6fa58000 	C:\Windows\SYSTEM32\DNSAPI.dll
0x00007ffd6db40000 - 0x00007ffd6db49000 	C:\Users\joaov\.vscode\extensions\redhat.java-1.33.0-win32-x64\jre\17.0.11-win32-x86_64\bin\management.dll
0x00007ffd626a0000 - 0x00007ffd626ab000 	C:\Users\joaov\.vscode\extensions\redhat.java-1.33.0-win32-x64\jre\17.0.11-win32-x86_64\bin\management_ext.dll
0x00007ffd72060000 - 0x00007ffd72068000 	C:\Windows\System32\PSAPI.DLL

dbghelp: loaded successfully - version: 4.0.5 - missing functions: none
symbol engine: initialized successfully - sym options: 0x614 - pdb path: .;c:\Users\joaov\.vscode\extensions\redhat.java-1.33.0-win32-x64\jre\17.0.11-win32-x86_64\bin;C:\Windows\SYSTEM32;C:\Windows\WinSxS\amd64_microsoft.windows.common-controls_6595b64144ccf1df_6.0.22621.3672_none_2713b9d173822955;c:\Users\joaov\.vscode\extensions\redhat.java-1.33.0-win32-x64\jre\17.0.11-win32-x86_64\bin\server

VM Arguments:
jvm_args: -Xmx1024m -Dsts.lsp.client=vscode -Dsts.log.file=/dev/null -XX:TieredStopAtLevel=1 -Xlog:jni+resolve=off 
java_command: c:\Users\joaov\.vscode\extensions\vmware.vscode-spring-boot-1.57.2024082400\language-server\spring-boot-language-server-1.57.0-SNAPSHOT-exec.jar
java_class_path (initial): c:\Users\joaov\.vscode\extensions\vmware.vscode-spring-boot-1.57.2024082400\language-server\spring-boot-language-server-1.57.0-SNAPSHOT-exec.jar
Launcher Type: SUN_STANDARD

[Global flags]
     intx CICompilerCount                          = 3                                         {product} {ergonomic}
     uint ConcGCThreads                            = 1                                         {product} {ergonomic}
     uint G1ConcRefinementThreads                  = 4                                         {product} {ergonomic}
   size_t G1HeapRegionSize                         = 1048576                                   {product} {ergonomic}
    uintx GCDrainStackTargetSize                   = 64                                        {product} {ergonomic}
   size_t InitialHeapSize                          = 199229440                                 {product} {ergonomic}
   size_t MarkStackSize                            = 4194304                                   {product} {ergonomic}
   size_t MaxHeapSize                              = 1073741824                                {product} {command line}
   size_t MaxNewSize                               = 643825664                                 {product} {ergonomic}
   size_t MinHeapDeltaBytes                        = 1048576                                   {product} {ergonomic}
   size_t MinHeapSize                              = 8388608                                   {product} {ergonomic}
    uintx NonProfiledCodeHeapSize                  = 0                                      {pd product} {ergonomic}
     bool ProfileInterpreter                       = false                                  {pd product} {command line}
    uintx ProfiledCodeHeapSize                     = 0                                      {pd product} {ergonomic}
   size_t SoftMaxHeapSize                          = 1073741824                             {manageable} {ergonomic}
     intx TieredStopAtLevel                        = 1                                         {product} {command line}
     bool UseCompressedClassPointers               = true                           {product lp64_product} {ergonomic}
     bool UseCompressedOops                        = true                           {product lp64_product} {ergonomic}
     bool UseG1GC                                  = true                                      {product} {ergonomic}
     bool UseLargePagesIndividualAllocation        = false                                  {pd product} {ergonomic}

Logging:
Log output configuration:
 #0: stdout all=warning,jni+resolve=off uptime,level,tags
 #1: stderr all=off uptime,level,tags

Environment Variables:
JAVA_HOME=C:\DevPrograms\jdk\jdk21
PATH=C:\Users\joaov\AppData\Local\Programs\Python\Python312\Scripts\;C:\Users\joaov\AppData\Local\Programs\Python\Python312\;C:\Windows\system32;C:\Windows;C:\Windows\System32\Wbem;C:\Windows\System32\WindowsPowerShell\v1.0\;C:\Windows\System32\OpenSSH\;C:\msys64\ucrt64\bin;C:\ProgramData\chocolatey\bin;C:\Program Files\Git\cmd;C:\opencv\opencv\build\x64\vc16\bin;C:\Users\joaov\Mingw-w64\mingw64\bin;C:\opencv\opencv\build\bin;C:\opencv\opencv\build\x64\vc16\lib;C:\opencv\opencv\build\x64\vc16\bin;C:\Program Files\CMake\bin;C:\ngrok;C:\php-7.4.6;C:\ProgramData\ComposerSetup\bin;;C:\Program Files\Docker\Docker\resources\bin;C:\Program Files\nodejs\;C:\Users\joaov\AppData\Local\Programs\Python\Python312\Scripts\;C:\Users\joaov\AppData\Local\Programs\Python\Python312\;C:\Users\joaov\AppData\Local\Programs\Python\Python311\Scripts\;C:\Users\joaov\AppData\Local\Programs\Python\Python311\;C:\Users\joaov\AppData\Local\Microsoft\WindowsApps;C:\msys64\ucrt64\bin;C:\Program Files\Java\jdk-20\bin;C:\Users\joaov\AppData\Local\Programs\Microsoft VS Code\bin;C:\Program Files\JetBrains\IntelliJ IDEA 2023.2\bin;;C:\DevPrograms\jdk\jdk21\bin;C:\Users\joaov\AppData\Local\Android\Sdk\tools;C:\Users\joaov\AppData\Local\Android\Sdk\platform-tools;C:\framework\flutter\bin;C:\maven\apache-maven-3.9.4\bin;C:\Program Files\GNU Octave\Octave-8.2.0\mingw64\bin;C:\opencv\opencv\build\x64\vc16\bin;C:\opencv\opencv\build\x64\vc16\lib;C:\Users\joaov\AppData\Roaming\Composer\vendor\bin;C:\framework\flutter\bin;;C:\altera\13.0sp1\modelsim_ase\win32aloem;C:\Users\joaov\AppData\Roaming\npm
USERNAME=joaov
OS=Windows_NT
PROCESSOR_IDENTIFIER=Intel64 Family 6 Model 140 Stepping 2, GenuineIntel
TMP=C:\Users\joaov\AppData\Local\Temp
TEMP=C:\Users\joaov\AppData\Local\Temp



Periodic native trim disabled


---------------  S Y S T E M  ---------------

OS:
 Windows 11 , 64 bit Build 22621 (10.0.22621.3958)
OS uptime: 11 days 8:24 hours
Hyper-V role detected

CPU: total 4 (initial active 4) (2 cores per cpu, 2 threads per core) family 6 model 140 stepping 2 microcode 0x36, cx8, cmov, fxsr, ht, mmx, 3dnowpref, sse, sse2, sse3, ssse3, sse4.1, sse4.2, popcnt, lzcnt, tsc, tscinvbit, avx, avx2, aes, erms, clmul, bmi1, bmi2, adx, avx512f, avx512dq, avx512cd, avx512bw, avx512vl, sha, fma, vzeroupper, avx512_vpopcntdq, avx512_vpclmulqdq, avx512_vaes, avx512_vnni, clflush, clflushopt, clwb, avx512_vbmi2, avx512_vbmi, hv
Processor Information for all 4 processors :
  Max Mhz: 2995, Current Mhz: 2995, Mhz Limit: 2995

Memory: 4k page, system-wide physical 12071M (532M free)
TotalPageFile size 24192M (AvailPageFile size 5M)
current process WorkingSet (physical memory assigned to process): 54M, peak: 174M
current process commit charge ("private bytes"): 209M, peak: 290M

vm_info: OpenJDK 64-Bit Server VM (17.0.11+9) for windows-amd64 JRE (17.0.11+9), built on Apr 17 2024 06:07:48 by "admin" with MS VC++ 16.10 / 16.11 (VS2019)

END.
