#
# There is insufficient memory for the Java Runtime Environment to continue.
# Native memory allocation (mmap) failed to map 199229440 bytes. Error detail: G1 virtual space
# Possible reasons:
#   The system is out of physical RAM or swap space
#   This process is running with CompressedOops enabled, and the Java Heap may be blocking the growth of the native heap
# Possible solutions:
#   Reduce memory load on the system
#   Increase physical memory or swap space
#   Check if swap backing store is full
#   Decrease Java heap size (-Xmx/-Xms)
#   Decrease number of Java threads
#   Decrease Java thread stack sizes (-Xss)
#   Set larger code cache with -XX:ReservedCodeCacheSize=
#   JVM is running with Unscaled Compressed Oops mode in which the Java heap is
#     placed in the first 4GB address space. The Java Heap base address is the
#     maximum limit for the native heap growth. Please use -XX:HeapBaseMinAddress
#     to set the Java Heap base and to place the Java Heap above 4GB virtual address.
# This output file may be truncated or incomplete.
#
#  Out of Memory Error (os_windows.cpp:3613), pid=29056, tid=21828
#
# JRE version:  (17.0.11+9) (build )
# Java VM: OpenJDK 64-Bit Server VM (17.0.11+9, mixed mode, emulated-client, sharing, tiered, compressed oops, compressed class ptrs, g1 gc, windows-amd64)
# No core dump will be written. Minidumps are not enabled by default on client versions of Windows
#

---------------  S U M M A R Y ------------

Command Line: -Xmx1024m -Dsts.lsp.client=vscode -Dsts.log.file=/dev/null -XX:TieredStopAtLevel=1 -Xlog:jni+resolve=off c:\Users\joaov\.vscode\extensions\vmware.vscode-spring-boot-1.57.2024082400\language-server\spring-boot-language-server-1.57.0-SNAPSHOT-exec.jar

Host: 11th Gen Intel(R) Core(TM) i3-1115G4 @ 3.00GHz, 4 cores, 11G,  Windows 11 , 64 bit Build 22621 (10.0.22621.3958)
Time: Mon Aug 26 14:44:58 2024 Hora oficial do Brasil elapsed time: 0.046904 seconds (0d 0h 0m 0s)

---------------  T H R E A D  ---------------

Current thread (0x0000018803a1ddb0):  JavaThread "Unknown thread" [_thread_in_vm, id=21828, stack(0x00000030e0700000,0x00000030e0800000)]

Stack: [0x00000030e0700000,0x00000030e0800000]
Native frames: (J=compiled Java code, j=interpreted, Vv=VM code, C=native code)
V  [jvm.dll+0x67d429]
V  [jvm.dll+0x834b7a]
V  [jvm.dll+0x83663e]
V  [jvm.dll+0x836ca3]
V  [jvm.dll+0x247dbf]
V  [jvm.dll+0x67a269]
V  [jvm.dll+0x66ecda]
V  [jvm.dll+0x30797b]
V  [jvm.dll+0x30ee26]
V  [jvm.dll+0x35e80e]
V  [jvm.dll+0x35ea3f]
V  [jvm.dll+0x2de6b8]
V  [jvm.dll+0x2df624]
V  [jvm.dll+0x806531]
V  [jvm.dll+0x36c561]
V  [jvm.dll+0x7e4f56]
V  [jvm.dll+0x3efdcf]
V  [jvm.dll+0x3f1921]
C  [jli.dll+0x528f]
C  [ucrtbase.dll+0x29333]
C  [KERNEL32.DLL+0x1257d]
C  [ntdll.dll+0x5af28]


---------------  P R O C E S S  ---------------

Threads class SMR info:
_java_thread_list=0x00007ffce80feed8, length=0, elements={
}

Java Threads: ( => current thread )

Other Threads:
  0x0000018803a59ca0 GCTaskThread "GC Thread#0" [stack: 0x00000030e0800000,0x00000030e0900000] [id=1204]
  0x0000018803a62bf0 ConcurrentGCThread "G1 Main Marker" [stack: 0x00000030e0900000,0x00000030e0a00000] [id=17732]
  0x0000018803a63610 ConcurrentGCThread "G1 Conc#0" [stack: 0x00000030e0a00000,0x00000030e0b00000] [id=14136]

[error occurred during error reporting (printing all threads), id 0xc0000005, EXCEPTION_ACCESS_VIOLATION (0xc0000005) at pc=0x00007ffce78bf0f7]

VM state: not at safepoint (not fully initialized)

VM Mutex/Monitor currently owned by a thread:  ([mutex/lock_event])
[0x0000018803a19190] Heap_lock - owner thread: 0x0000018803a1ddb0

Heap address: 0x00000000c0000000, size: 1024 MB, Compressed Oops mode: 32-bit

CDS archive(s) mapped at: [0x0000000000000000-0x0000000000000000-0x0000000000000000), size 0, SharedBaseAddress: 0x0000000800000000, ArchiveRelocationMode: 1.
Narrow klass base: 0x0000000000000000, Narrow klass shift: 0, Narrow klass range: 0x0

GC Precious Log:
<Empty>

Heap:
 garbage-first heap   total 0K, used 0K [0x00000000c0000000, 0x0000000100000000)
  region size 1024K, 0 young (0K), 0 survivors (0K)

[error occurred during error reporting (printing heap information), id 0xc0000005, EXCEPTION_ACCESS_VIOLATION (0xc0000005) at pc=0x00007ffce7ca70c9]

GC Heap History (0 events):
No events

Dll operation events (1 events):
Event: 0.023 Loaded shared library c:\Users\joaov\.vscode\extensions\redhat.java-1.33.0-win32-x64\jre\17.0.11-win32-x86_64\bin\java.dll

Deoptimization events (0 events):
No events

Classes unloaded (0 events):
No events

Classes redefined (0 events):
No events

Internal exceptions (0 events):
No events

VM Operations (0 events):
No events

Events (0 events):
No events


Dynamic libraries:
0x00007ff7e64c0000 - 0x00007ff7e64ce000 	c:\Users\joaov\.vscode\extensions\redhat.java-1.33.0-win32-x64\jre\17.0.11-win32-x86_64\bin\java.exe
0x00007ffd73bb0000 - 0x00007ffd73dc7000 	C:\Windows\SYSTEM32\ntdll.dll
0x00007ffd720a0000 - 0x00007ffd72164000 	C:\Windows\System32\KERNEL32.DLL
0x00007ffd71470000 - 0x00007ffd7181d000 	C:\Windows\System32\KERNELBASE.dll
0x00007ffd71140000 - 0x00007ffd71251000 	C:\Windows\System32\ucrtbase.dll
0x00007ffd66970000 - 0x00007ffd66987000 	c:\Users\joaov\.vscode\extensions\redhat.java-1.33.0-win32-x64\jre\17.0.11-win32-x86_64\bin\jli.dll
0x00007ffd71d10000 - 0x00007ffd71ebe000 	C:\Windows\System32\USER32.dll
0x00007ffd70f80000 - 0x00007ffd70fa6000 	C:\Windows\System32\win32u.dll
0x00007ffd72070000 - 0x00007ffd72099000 	C:\Windows\System32\GDI32.dll
0x00007ffd71020000 - 0x00007ffd71139000 	C:\Windows\System32\gdi32full.dll
0x00007ffd71260000 - 0x00007ffd712fa000 	C:\Windows\System32\msvcp_win.dll
0x00007ffd61540000 - 0x00007ffd6155b000 	c:\Users\joaov\.vscode\extensions\redhat.java-1.33.0-win32-x64\jre\17.0.11-win32-x86_64\bin\VCRUNTIME140.dll
0x00007ffd5bae0000 - 0x00007ffd5bd73000 	C:\Windows\WinSxS\amd64_microsoft.windows.common-controls_6595b64144ccf1df_6.0.22621.3672_none_2713b9d173822955\COMCTL32.dll
0x00007ffd71f30000 - 0x00007ffd71fd7000 	C:\Windows\System32\msvcrt.dll
0x00007ffd73950000 - 0x00007ffd73981000 	C:\Windows\System32\IMM32.DLL
0x00007ffd6a710000 - 0x00007ffd6a71c000 	c:\Users\joaov\.vscode\extensions\redhat.java-1.33.0-win32-x64\jre\17.0.11-win32-x86_64\bin\vcruntime140_1.dll
0x00007ffd58770000 - 0x00007ffd587fd000 	c:\Users\joaov\.vscode\extensions\redhat.java-1.33.0-win32-x64\jre\17.0.11-win32-x86_64\bin\msvcp140.dll
0x00007ffce75d0000 - 0x00007ffce8232000 	c:\Users\joaov\.vscode\extensions\redhat.java-1.33.0-win32-x64\jre\17.0.11-win32-x86_64\bin\server\jvm.dll
0x00007ffd718e0000 - 0x00007ffd71992000 	C:\Windows\System32\ADVAPI32.dll
0x00007ffd72270000 - 0x00007ffd72319000 	C:\Windows\System32\sechost.dll
0x00007ffd70ed0000 - 0x00007ffd70ef8000 	C:\Windows\System32\bcrypt.dll
0x00007ffd73780000 - 0x00007ffd73894000 	C:\Windows\System32\RPCRT4.dll
0x00007ffd70be0000 - 0x00007ffd70c2d000 	C:\Windows\SYSTEM32\POWRPROF.dll
0x00007ffd6a670000 - 0x00007ffd6a679000 	C:\Windows\SYSTEM32\WSOCK32.dll
0x00007ffd71c90000 - 0x00007ffd71d01000 	C:\Windows\System32\WS2_32.dll
0x00007ffd67830000 - 0x00007ffd67864000 	C:\Windows\SYSTEM32\WINMM.dll
0x00007ffd63d80000 - 0x00007ffd63d8a000 	C:\Windows\SYSTEM32\VERSION.dll
0x00007ffd70bc0000 - 0x00007ffd70bd3000 	C:\Windows\SYSTEM32\UMPDC.dll
0x00007ffd6fec0000 - 0x00007ffd6fed8000 	C:\Windows\SYSTEM32\kernel.appcore.dll
0x00007ffd5c5b0000 - 0x00007ffd5c5ba000 	c:\Users\joaov\.vscode\extensions\redhat.java-1.33.0-win32-x64\jre\17.0.11-win32-x86_64\bin\jimage.dll
0x00007ffd6e090000 - 0x00007ffd6e2c2000 	C:\Windows\SYSTEM32\DBGHELP.DLL
0x00007ffd72320000 - 0x00007ffd726ad000 	C:\Windows\System32\combase.dll
0x00007ffd719a0000 - 0x00007ffd71a77000 	C:\Windows\System32\OLEAUT32.dll
0x00007ffd50b60000 - 0x00007ffd50b92000 	C:\Windows\SYSTEM32\dbgcore.DLL
0x00007ffd70f00000 - 0x00007ffd70f7b000 	C:\Windows\System32\bcryptPrimitives.dll
0x00007ffd58740000 - 0x00007ffd58765000 	c:\Users\joaov\.vscode\extensions\redhat.java-1.33.0-win32-x64\jre\17.0.11-win32-x86_64\bin\java.dll

dbghelp: loaded successfully - version: 4.0.5 - missing functions: none
symbol engine: initialized successfully - sym options: 0x614 - pdb path: .;c:\Users\joaov\.vscode\extensions\redhat.java-1.33.0-win32-x64\jre\17.0.11-win32-x86_64\bin;C:\Windows\SYSTEM32;C:\Windows\WinSxS\amd64_microsoft.windows.common-controls_6595b64144ccf1df_6.0.22621.3672_none_2713b9d173822955;c:\Users\joaov\.vscode\extensions\redhat.java-1.33.0-win32-x64\jre\17.0.11-win32-x86_64\bin\server

VM Arguments:
jvm_args: -Xmx1024m -Dsts.lsp.client=vscode -Dsts.log.file=/dev/null -XX:TieredStopAtLevel=1 -Xlog:jni+resolve=off 
java_command: c:\Users\joaov\.vscode\extensions\vmware.vscode-spring-boot-1.57.2024082400\language-server\spring-boot-language-server-1.57.0-SNAPSHOT-exec.jar
java_class_path (initial): c:\Users\joaov\.vscode\extensions\vmware.vscode-spring-boot-1.57.2024082400\language-server\spring-boot-language-server-1.57.0-SNAPSHOT-exec.jar
Launcher Type: SUN_STANDARD

[Global flags]
     intx CICompilerCount                          = 3                                         {product} {ergonomic}
     uint ConcGCThreads                            = 1                                         {product} {ergonomic}
     uint G1ConcRefinementThreads                  = 4                                         {product} {ergonomic}
   size_t G1HeapRegionSize                         = 1048576                                   {product} {ergonomic}
    uintx GCDrainStackTargetSize                   = 64                                        {product} {ergonomic}
   size_t InitialHeapSize                          = 199229440                                 {product} {ergonomic}
   size_t MarkStackSize                            = 4194304                                   {product} {ergonomic}
   size_t MaxHeapSize                              = 1073741824                                {product} {command line}
   size_t MinHeapDeltaBytes                        = 1048576                                   {product} {ergonomic}
   size_t MinHeapSize                              = 8388608                                   {product} {ergonomic}
    uintx NonProfiledCodeHeapSize                  = 0                                      {pd product} {ergonomic}
     bool ProfileInterpreter                       = false                                  {pd product} {command line}
    uintx ProfiledCodeHeapSize                     = 0                                      {pd product} {ergonomic}
   size_t SoftMaxHeapSize                          = 1073741824                             {manageable} {ergonomic}
     intx TieredStopAtLevel                        = 1                                         {product} {command line}
     bool UseCompressedClassPointers               = true                           {product lp64_product} {ergonomic}
     bool UseCompressedOops                        = true                           {product lp64_product} {ergonomic}
     bool UseG1GC                                  = true                                      {product} {ergonomic}
     bool UseLargePagesIndividualAllocation        = false                                  {pd product} {ergonomic}

Logging:
Log output configuration:
 #0: stdout all=warning,jni+resolve=off uptime,level,tags (reconfigured)
 #1: stderr all=off uptime,level,tags

Environment Variables:
JAVA_HOME=C:\DevPrograms\jdk\jdk21
PATH=C:\Users\joaov\AppData\Local\Programs\Python\Python312\Scripts\;C:\Users\joaov\AppData\Local\Programs\Python\Python312\;C:\Windows\system32;C:\Windows;C:\Windows\System32\Wbem;C:\Windows\System32\WindowsPowerShell\v1.0\;C:\Windows\System32\OpenSSH\;C:\msys64\ucrt64\bin;C:\ProgramData\chocolatey\bin;C:\Program Files\Git\cmd;C:\opencv\opencv\build\x64\vc16\bin;C:\Users\joaov\Mingw-w64\mingw64\bin;C:\opencv\opencv\build\bin;C:\opencv\opencv\build\x64\vc16\lib;C:\opencv\opencv\build\x64\vc16\bin;C:\Program Files\CMake\bin;C:\ngrok;C:\php-7.4.6;C:\ProgramData\ComposerSetup\bin;;C:\Program Files\Docker\Docker\resources\bin;C:\Program Files\nodejs\;C:\Users\joaov\AppData\Local\Programs\Python\Python312\Scripts\;C:\Users\joaov\AppData\Local\Programs\Python\Python312\;C:\Users\joaov\AppData\Local\Programs\Python\Python311\Scripts\;C:\Users\joaov\AppData\Local\Programs\Python\Python311\;C:\Users\joaov\AppData\Local\Microsoft\WindowsApps;C:\msys64\ucrt64\bin;C:\Program Files\Java\jdk-20\bin;C:\Users\joaov\AppData\Local\Programs\Microsoft VS Code\bin;C:\Program Files\JetBrains\IntelliJ IDEA 2023.2\bin;;C:\DevPrograms\jdk\jdk21\bin;C:\Users\joaov\AppData\Local\Android\Sdk\tools;C:\Users\joaov\AppData\Local\Android\Sdk\platform-tools;C:\framework\flutter\bin;C:\maven\apache-maven-3.9.4\bin;C:\Program Files\GNU Octave\Octave-8.2.0\mingw64\bin;C:\opencv\opencv\build\x64\vc16\bin;C:\opencv\opencv\build\x64\vc16\lib;C:\Users\joaov\AppData\Roaming\Composer\vendor\bin;C:\framework\flutter\bin;;C:\altera\13.0sp1\modelsim_ase\win32aloem;C:\Users\joaov\AppData\Roaming\npm
USERNAME=joaov
OS=Windows_NT
PROCESSOR_IDENTIFIER=Intel64 Family 6 Model 140 Stepping 2, GenuineIntel
TMP=C:\Users\joaov\AppData\Local\Temp
TEMP=C:\Users\joaov\AppData\Local\Temp



Periodic native trim disabled


---------------  S Y S T E M  ---------------

OS:
 Windows 11 , 64 bit Build 22621 (10.0.22621.3958)
OS uptime: 11 days 8:24 hours
Hyper-V role detected

CPU: total 4 (initial active 4) (2 cores per cpu, 2 threads per core) family 6 model 140 stepping 2 microcode 0x36, cx8, cmov, fxsr, ht, mmx, 3dnowpref, sse, sse2, sse3, ssse3, sse4.1, sse4.2, popcnt, lzcnt, tsc, tscinvbit, avx, avx2, aes, erms, clmul, bmi1, bmi2, adx, avx512f, avx512dq, avx512cd, avx512bw, avx512vl, sha, fma, vzeroupper, avx512_vpopcntdq, avx512_vpclmulqdq, avx512_vaes, avx512_vnni, clflush, clflushopt, clwb, avx512_vbmi2, avx512_vbmi, hv
Processor Information for all 4 processors :
  Max Mhz: 2995, Current Mhz: 2995, Mhz Limit: 2995

Memory: 4k page, system-wide physical 12071M (512M free)
TotalPageFile size 24192M (AvailPageFile size 130M)
current process WorkingSet (physical memory assigned to process): 11M, peak: 11M
current process commit charge ("private bytes"): 46M, peak: 236M

vm_info: OpenJDK 64-Bit Server VM (17.0.11+9) for windows-amd64 JRE (17.0.11+9), built on Apr 17 2024 06:07:48 by "admin" with MS VC++ 16.10 / 16.11 (VS2019)

END.
